<?xml version="1.0" encoding="UTF-8"?>
<!-- Generated by org.testng.reporters.JUnitXMLReporter -->
<testsuite hostname="CHINNI-PC" ignored="0" name="Regression" tests="13" failures="1" timestamp="31 Jul 2018 06:16:26 GMT" time="531.908" errors="0">
  <testcase name="loginPageTitleTest" time="0.207" classname="com.crm.qa.testcases.LoginPageTest">
    <failure type="java.lang.AssertionError" message="expected [#1 Free CRM software in the cloud powers sales and customer service] but found [#1 Free CRM software in the cloud for sales and service]">
      <![CDATA[java.lang.AssertionError: expected [#1 Free CRM software in the cloud powers sales and customer service] but found [#1 Free CRM software in the cloud for sales and service]
	at com.crm.qa.testcases.LoginPageTest.loginPageTitleTest(LoginPageTest.java:34)
... Removed 31 stack frames]]>
    </failure>
  </testcase> <!-- loginPageTitleTest -->
  <testcase name="validateHomePageTitleTest" time="0.042" classname="com.crm.qa.testcases.HomePageTest"/>
  <testcase name="validateContactsLabelTest" time="0.195" classname="com.crm.qa.testcases.ContactsPageTest"/>
  <testcase name="crmLogoTest" time="0.3" classname="com.crm.qa.testcases.LoginPageTest"/>
  <testcase name="validateUserDisplayTest" time="0.479" classname="com.crm.qa.testcases.HomePageTest"/>
  <testcase name="selectMultipleContactsTest" time="0.786" classname="com.crm.qa.testcases.ContactsPageTest"/>
  <testcase name="selectSingleContactsTest" time="0.499" classname="com.crm.qa.testcases.ContactsPageTest"/>
  <testcase name="loginTest" time="19.517" classname="com.crm.qa.testcases.LoginPageTest"/>
  <testcase name="clickContactsLinkTest" time="3.855" classname="com.crm.qa.testcases.HomePageTest"/>
  <testcase name="validateCreateNewContact" time="16.768" classname="com.crm.qa.testcases.ContactsPageTest"/>
  <testcase name="validateCreateNewContact" time="14.938" classname="com.crm.qa.testcases.ContactsPageTest"/>
  <testcase name="validateCreateNewContact" time="13.909" classname="com.crm.qa.testcases.ContactsPageTest"/>
  <testcase name="clickDealsLinkTest" time="4.333" classname="com.crm.qa.testcases.HomePageTest"/>
</testsuite> <!-- Regression -->
