<?xml version="1.0" encoding="UTF-8"?>
<!-- Generated by org.testng.reporters.JUnitXMLReporter -->
<testsuite hostname="CHINNI-PC" ignored="0" name="Command line test" tests="13" failures="1" timestamp="01 Aug 2018 07:06:26 GMT" time="485.127" errors="0">
  <testcase name="validateContactsLabelTest" time="0.137" classname="com.crm.qa.testcases.ContactsPageTest"/>
  <testcase name="validateHomePageTitleTest" time="0.019" classname="com.crm.qa.testcases.HomePageTest"/>
  <testcase name="loginPageTitleTest" time="0.045" classname="com.crm.qa.testcases.LoginPageTest">
    <failure type="java.lang.AssertionError" message="expected [#1 Free CRM software in the cloud powers sales and customer service] but found [#1 Free CRM software in the cloud for sales and service]">
      <![CDATA[java.lang.AssertionError: expected [#1 Free CRM software in the cloud powers sales and customer service] but found [#1 Free CRM software in the cloud for sales and service]
	at com.crm.qa.testcases.LoginPageTest.loginPageTitleTest(LoginPageTest.java:34)
... Removed 41 stack frames]]>
    </failure>
  </testcase> <!-- loginPageTitleTest -->
  <testcase name="selectMultipleContactsTest" time="0.57" classname="com.crm.qa.testcases.ContactsPageTest"/>
  <testcase name="selectSingleContactsTest" time="0.283" classname="com.crm.qa.testcases.ContactsPageTest"/>
  <testcase name="validateUserDisplayTest" time="0.175" classname="com.crm.qa.testcases.HomePageTest"/>
  <testcase name="crmLogoTest" time="0.215" classname="com.crm.qa.testcases.LoginPageTest"/>
  <testcase name="validateCreateNewContact" time="11.743" classname="com.crm.qa.testcases.ContactsPageTest"/>
  <testcase name="validateCreateNewContact" time="11.979" classname="com.crm.qa.testcases.ContactsPageTest"/>
  <testcase name="validateCreateNewContact" time="9.232" classname="com.crm.qa.testcases.ContactsPageTest"/>
  <testcase name="clickContactsLinkTest" time="3.3" classname="com.crm.qa.testcases.HomePageTest"/>
  <testcase name="loginTest" time="15.437" classname="com.crm.qa.testcases.LoginPageTest"/>
  <testcase name="clickDealsLinkTest" time="3.7" classname="com.crm.qa.testcases.HomePageTest"/>
</testsuite> <!-- Command line test -->
