<?xml version="1.0" encoding="UTF-8"?>
<testng-results skipped="0" failed="1" ignored="0" total="13" passed="12">
  <reporter-output>
  </reporter-output>
  <suite name="Command line suite" duration-ms="485127" started-at="2018-08-01T06:58:21Z" finished-at="2018-08-01T07:06:26Z">
    <groups>
    </groups>
    <test name="Command line test" duration-ms="485127" started-at="2018-08-01T06:58:21Z" finished-at="2018-08-01T07:06:26Z">
      <class name="com.crm.qa.testcases.HomePageTest">
        <test-method status="PASS" signature="SetUp()[pri:0, instance:com.crm.qa.testcases.HomePageTest@457e2f02]" name="SetUp" is-config="true" duration-ms="28778" started-at="2018-08-01T12:30:19Z" finished-at="2018-08-01T12:30:48Z">
          <reporter-output>
          </reporter-output>
        </test-method> <!-- SetUp -->
        <test-method status="PASS" signature="validateHomePageTitleTest()[pri:1, instance:com.crm.qa.testcases.HomePageTest@457e2f02]" name="validateHomePageTitleTest" duration-ms="19" started-at="2018-08-01T12:30:48Z" finished-at="2018-08-01T12:30:48Z">
          <reporter-output>
          </reporter-output>
        </test-method> <!-- validateHomePageTitleTest -->
        <test-method status="PASS" signature="tearDown()[pri:0, instance:com.crm.qa.testcases.HomePageTest@457e2f02]" name="tearDown" is-config="true" duration-ms="695" started-at="2018-08-01T12:30:48Z" finished-at="2018-08-01T12:30:49Z">
          <reporter-output>
          </reporter-output>
        </test-method> <!-- tearDown -->
        <test-method status="PASS" signature="SetUp()[pri:0, instance:com.crm.qa.testcases.HomePageTest@457e2f02]" name="SetUp" is-config="true" duration-ms="28532" started-at="2018-08-01T12:32:07Z" finished-at="2018-08-01T12:32:35Z">
          <reporter-output>
          </reporter-output>
        </test-method> <!-- SetUp -->
        <test-method status="PASS" signature="validateUserDisplayTest()[pri:2, instance:com.crm.qa.testcases.HomePageTest@457e2f02]" name="validateUserDisplayTest" duration-ms="175" started-at="2018-08-01T12:32:35Z" finished-at="2018-08-01T12:32:36Z">
          <reporter-output>
          </reporter-output>
        </test-method> <!-- validateUserDisplayTest -->
        <test-method status="PASS" signature="tearDown()[pri:0, instance:com.crm.qa.testcases.HomePageTest@457e2f02]" name="tearDown" is-config="true" duration-ms="687" started-at="2018-08-01T12:32:36Z" finished-at="2018-08-01T12:32:36Z">
          <reporter-output>
          </reporter-output>
        </test-method> <!-- tearDown -->
        <test-method status="PASS" signature="SetUp()[pri:0, instance:com.crm.qa.testcases.HomePageTest@457e2f02]" name="SetUp" is-config="true" duration-ms="29315" started-at="2018-08-01T12:34:57Z" finished-at="2018-08-01T12:35:27Z">
          <reporter-output>
          </reporter-output>
        </test-method> <!-- SetUp -->
        <test-method status="PASS" signature="clickContactsLinkTest()[pri:3, instance:com.crm.qa.testcases.HomePageTest@457e2f02]" name="clickContactsLinkTest" duration-ms="3300" started-at="2018-08-01T12:35:27Z" finished-at="2018-08-01T12:35:30Z">
          <reporter-output>
          </reporter-output>
        </test-method> <!-- clickContactsLinkTest -->
        <test-method status="PASS" signature="tearDown()[pri:0, instance:com.crm.qa.testcases.HomePageTest@457e2f02]" name="tearDown" is-config="true" duration-ms="711" started-at="2018-08-01T12:35:30Z" finished-at="2018-08-01T12:35:31Z">
          <reporter-output>
          </reporter-output>
        </test-method> <!-- tearDown -->
        <test-method status="PASS" signature="SetUp()[pri:0, instance:com.crm.qa.testcases.HomePageTest@457e2f02]" name="SetUp" is-config="true" duration-ms="22222" started-at="2018-08-01T12:36:00Z" finished-at="2018-08-01T12:36:22Z">
          <reporter-output>
          </reporter-output>
        </test-method> <!-- SetUp -->
        <test-method status="PASS" signature="clickDealsLinkTest()[pri:4, instance:com.crm.qa.testcases.HomePageTest@457e2f02]" name="clickDealsLinkTest" duration-ms="3700" started-at="2018-08-01T12:36:22Z" finished-at="2018-08-01T12:36:26Z">
          <reporter-output>
          </reporter-output>
        </test-method> <!-- clickDealsLinkTest -->
        <test-method status="PASS" signature="tearDown()[pri:0, instance:com.crm.qa.testcases.HomePageTest@457e2f02]" name="tearDown" is-config="true" duration-ms="686" started-at="2018-08-01T12:36:26Z" finished-at="2018-08-01T12:36:26Z">
          <reporter-output>
          </reporter-output>
        </test-method> <!-- tearDown -->
      </class> <!-- com.crm.qa.testcases.HomePageTest -->
      <class name="com.crm.qa.testcases.ContactsPageTest">
        <test-method status="PASS" signature="setUp()[pri:0, instance:com.crm.qa.testcases.ContactsPageTest@4cc0edeb]" name="setUp" is-config="true" duration-ms="117231" started-at="2018-08-01T12:28:21Z" finished-at="2018-08-01T12:30:18Z">
          <reporter-output>
          </reporter-output>
        </test-method> <!-- setUp -->
        <test-method status="PASS" signature="validateContactsLabelTest()[pri:1, instance:com.crm.qa.testcases.ContactsPageTest@4cc0edeb]" name="validateContactsLabelTest" duration-ms="137" started-at="2018-08-01T12:30:18Z" finished-at="2018-08-01T12:30:18Z">
          <reporter-output>
          </reporter-output>
        </test-method> <!-- validateContactsLabelTest -->
        <test-method status="PASS" signature="tearDown()[pri:0, instance:com.crm.qa.testcases.ContactsPageTest@4cc0edeb]" name="tearDown" is-config="true" duration-ms="786" started-at="2018-08-01T12:30:18Z" finished-at="2018-08-01T12:30:19Z">
          <reporter-output>
          </reporter-output>
        </test-method> <!-- tearDown -->
        <test-method status="PASS" signature="setUp()[pri:0, instance:com.crm.qa.testcases.ContactsPageTest@4cc0edeb]" name="setUp" is-config="true" duration-ms="31593" started-at="2018-08-01T12:31:03Z" finished-at="2018-08-01T12:31:34Z">
          <reporter-output>
          </reporter-output>
        </test-method> <!-- setUp -->
        <test-method status="PASS" signature="selectMultipleContactsTest()[pri:2, instance:com.crm.qa.testcases.ContactsPageTest@4cc0edeb]" name="selectMultipleContactsTest" duration-ms="570" started-at="2018-08-01T12:31:34Z" finished-at="2018-08-01T12:31:35Z">
          <reporter-output>
          </reporter-output>
        </test-method> <!-- selectMultipleContactsTest -->
        <test-method status="PASS" signature="tearDown()[pri:0, instance:com.crm.qa.testcases.ContactsPageTest@4cc0edeb]" name="tearDown" is-config="true" duration-ms="681" started-at="2018-08-01T12:31:35Z" finished-at="2018-08-01T12:31:36Z">
          <reporter-output>
          </reporter-output>
        </test-method> <!-- tearDown -->
        <test-method status="PASS" signature="setUp()[pri:0, instance:com.crm.qa.testcases.ContactsPageTest@4cc0edeb]" name="setUp" is-config="true" duration-ms="30418" started-at="2018-08-01T12:31:36Z" finished-at="2018-08-01T12:32:06Z">
          <reporter-output>
          </reporter-output>
        </test-method> <!-- setUp -->
        <test-method status="PASS" signature="selectSingleContactsTest()[pri:2, instance:com.crm.qa.testcases.ContactsPageTest@4cc0edeb]" name="selectSingleContactsTest" duration-ms="283" started-at="2018-08-01T12:32:06Z" finished-at="2018-08-01T12:32:06Z">
          <reporter-output>
          </reporter-output>
        </test-method> <!-- selectSingleContactsTest -->
        <test-method status="PASS" signature="tearDown()[pri:0, instance:com.crm.qa.testcases.ContactsPageTest@4cc0edeb]" name="tearDown" is-config="true" duration-ms="681" started-at="2018-08-01T12:32:06Z" finished-at="2018-08-01T12:32:07Z">
          <reporter-output>
          </reporter-output>
        </test-method> <!-- tearDown -->
        <test-method status="PASS" signature="setUp()[pri:0, instance:com.crm.qa.testcases.ContactsPageTest@4cc0edeb]" name="setUp" is-config="true" duration-ms="31486" started-at="2018-08-01T12:32:52Z" finished-at="2018-08-01T12:33:23Z">
          <reporter-output>
          </reporter-output>
        </test-method> <!-- setUp -->
        <test-method status="PASS" signature="validateCreateNewContact(java.lang.String, java.lang.String, java.lang.String, java.lang.String)[pri:3, instance:com.crm.qa.testcases.ContactsPageTest@4cc0edeb]" name="validateCreateNewContact" duration-ms="11743" started-at="2018-08-01T12:33:23Z" data-provider="crmTestData" finished-at="2018-08-01T12:33:35Z">
          <params>
            <param index="0">
              <value>
                <![CDATA[Mr.]]>
              </value>
            </param>
            <param index="1">
              <value>
                <![CDATA[Rohith]]>
              </value>
            </param>
            <param index="2">
              <value>
                <![CDATA[Bhat]]>
              </value>
            </param>
            <param index="3">
              <value>
                <![CDATA[Siemens]]>
              </value>
            </param>
          </params>
          <reporter-output>
          </reporter-output>
        </test-method> <!-- validateCreateNewContact -->
        <test-method status="PASS" signature="tearDown()[pri:0, instance:com.crm.qa.testcases.ContactsPageTest@4cc0edeb]" name="tearDown" is-config="true" duration-ms="636" started-at="2018-08-01T12:33:35Z" finished-at="2018-08-01T12:33:36Z">
          <reporter-output>
          </reporter-output>
        </test-method> <!-- tearDown -->
        <test-method status="PASS" signature="setUp()[pri:0, instance:com.crm.qa.testcases.ContactsPageTest@4cc0edeb]" name="setUp" is-config="true" duration-ms="30875" started-at="2018-08-01T12:33:36Z" finished-at="2018-08-01T12:34:07Z">
          <reporter-output>
          </reporter-output>
        </test-method> <!-- setUp -->
        <test-method status="PASS" signature="validateCreateNewContact(java.lang.String, java.lang.String, java.lang.String, java.lang.String)[pri:3, instance:com.crm.qa.testcases.ContactsPageTest@4cc0edeb]" name="validateCreateNewContact" duration-ms="11979" started-at="2018-08-01T12:34:07Z" data-provider="crmTestData" finished-at="2018-08-01T12:34:19Z">
          <params>
            <param index="0">
              <value>
                <![CDATA[Mrs.]]>
              </value>
            </param>
            <param index="1">
              <value>
                <![CDATA[Poornima]]>
              </value>
            </param>
            <param index="2">
              <value>
                <![CDATA[Bhat]]>
              </value>
            </param>
            <param index="3">
              <value>
                <![CDATA[TCS]]>
              </value>
            </param>
          </params>
          <reporter-output>
          </reporter-output>
        </test-method> <!-- validateCreateNewContact -->
        <test-method status="PASS" signature="tearDown()[pri:0, instance:com.crm.qa.testcases.ContactsPageTest@4cc0edeb]" name="tearDown" is-config="true" duration-ms="726" started-at="2018-08-01T12:34:19Z" finished-at="2018-08-01T12:34:19Z">
          <reporter-output>
          </reporter-output>
        </test-method> <!-- tearDown -->
        <test-method status="PASS" signature="setUp()[pri:0, instance:com.crm.qa.testcases.ContactsPageTest@4cc0edeb]" name="setUp" is-config="true" duration-ms="28130" started-at="2018-08-01T12:34:19Z" finished-at="2018-08-01T12:34:47Z">
          <reporter-output>
          </reporter-output>
        </test-method> <!-- setUp -->
        <test-method status="PASS" signature="validateCreateNewContact(java.lang.String, java.lang.String, java.lang.String, java.lang.String)[pri:3, instance:com.crm.qa.testcases.ContactsPageTest@4cc0edeb]" name="validateCreateNewContact" duration-ms="9232" started-at="2018-08-01T12:34:47Z" data-provider="crmTestData" finished-at="2018-08-01T12:34:57Z">
          <params>
            <param index="0">
              <value>
                <![CDATA[Mr.]]>
              </value>
            </param>
            <param index="1">
              <value>
                <![CDATA[Rishvik]]>
              </value>
            </param>
            <param index="2">
              <value>
                <![CDATA[Bhat]]>
              </value>
            </param>
            <param index="3">
              <value>
                <![CDATA[Klay]]>
              </value>
            </param>
          </params>
          <reporter-output>
          </reporter-output>
        </test-method> <!-- validateCreateNewContact -->
        <test-method status="PASS" signature="tearDown()[pri:0, instance:com.crm.qa.testcases.ContactsPageTest@4cc0edeb]" name="tearDown" is-config="true" duration-ms="680" started-at="2018-08-01T12:34:57Z" finished-at="2018-08-01T12:34:57Z">
          <reporter-output>
          </reporter-output>
        </test-method> <!-- tearDown -->
      </class> <!-- com.crm.qa.testcases.ContactsPageTest -->
      <class name="com.crm.qa.testcases.LoginPageTest">
        <test-method status="PASS" signature="setUp()[pri:0, instance:com.crm.qa.testcases.LoginPageTest@5c7fa833]" name="setUp" is-config="true" duration-ms="13047" started-at="2018-08-01T12:30:49Z" finished-at="2018-08-01T12:31:02Z">
          <reporter-output>
          </reporter-output>
        </test-method> <!-- setUp -->
        <test-method status="FAIL" signature="loginPageTitleTest()[pri:1, instance:com.crm.qa.testcases.LoginPageTest@5c7fa833]" name="loginPageTitleTest" duration-ms="45" started-at="2018-08-01T12:31:02Z" finished-at="2018-08-01T12:31:02Z">
          <exception class="java.lang.AssertionError">
            <message>
              <![CDATA[expected [#1 Free CRM software in the cloud powers sales and customer service] but found [#1 Free CRM software in the cloud for sales and service]]]>
            </message>
            <full-stacktrace>
              <![CDATA[java.lang.AssertionError: expected [#1 Free CRM software in the cloud powers sales and customer service] but found [#1 Free CRM software in the cloud for sales and service]
	at org.testng.Assert.fail(Assert.java:93)
	at org.testng.Assert.failNotEquals(Assert.java:512)
	at org.testng.Assert.assertEqualsImpl(Assert.java:134)
	at org.testng.Assert.assertEquals(Assert.java:115)
	at org.testng.Assert.assertEquals(Assert.java:189)
	at org.testng.Assert.assertEquals(Assert.java:199)
	at com.crm.qa.testcases.LoginPageTest.loginPageTitleTest(LoginPageTest.java:34)
	at sun.reflect.NativeMethodAccessorImpl.invoke0(Native Method)
	at sun.reflect.NativeMethodAccessorImpl.invoke(NativeMethodAccessorImpl.java:62)
	at sun.reflect.DelegatingMethodAccessorImpl.invoke(DelegatingMethodAccessorImpl.java:43)
	at java.lang.reflect.Method.invoke(Method.java:498)
	at org.testng.internal.MethodInvocationHelper.invokeMethod(MethodInvocationHelper.java:108)
	at org.testng.internal.Invoker.invokeMethod(Invoker.java:661)
	at org.testng.internal.Invoker.invokeTestMethod(Invoker.java:869)
	at org.testng.internal.Invoker.invokeTestMethods(Invoker.java:1193)
	at org.testng.internal.TestMethodWorker.invokeTestMethods(TestMethodWorker.java:126)
	at org.testng.internal.TestMethodWorker.run(TestMethodWorker.java:109)
	at org.testng.TestRunner.privateRun(TestRunner.java:744)
	at org.testng.TestRunner.run(TestRunner.java:602)
	at org.testng.SuiteRunner.runTest(SuiteRunner.java:380)
	at org.testng.SuiteRunner.runSequentially(SuiteRunner.java:375)
	at org.testng.SuiteRunner.privateRun(SuiteRunner.java:340)
	at org.testng.SuiteRunner.run(SuiteRunner.java:289)
	at org.testng.SuiteRunnerWorker.runSuite(SuiteRunnerWorker.java:52)
	at org.testng.SuiteRunnerWorker.run(SuiteRunnerWorker.java:86)
	at org.testng.TestNG.runSuitesSequentially(TestNG.java:1301)
	at org.testng.TestNG.runSuitesLocally(TestNG.java:1226)
	at org.testng.TestNG.runSuites(TestNG.java:1144)
	at org.testng.TestNG.run(TestNG.java:1115)
	at org.apache.maven.surefire.testng.TestNGExecutor.run(TestNGExecutor.java:77)
	at org.apache.maven.surefire.testng.TestNGDirectoryTestSuite.executeMulti(TestNGDirectoryTestSuite.java:159)
	at org.apache.maven.surefire.testng.TestNGDirectoryTestSuite.execute(TestNGDirectoryTestSuite.java:99)
	at org.apache.maven.surefire.testng.TestNGProvider.invoke(TestNGProvider.java:106)
	at sun.reflect.NativeMethodAccessorImpl.invoke0(Native Method)
	at sun.reflect.NativeMethodAccessorImpl.invoke(NativeMethodAccessorImpl.java:62)
	at sun.reflect.DelegatingMethodAccessorImpl.invoke(DelegatingMethodAccessorImpl.java:43)
	at java.lang.reflect.Method.invoke(Method.java:498)
	at org.apache.maven.surefire.util.ReflectionUtils.invokeMethodWithArray(ReflectionUtils.java:189)
	at org.apache.maven.surefire.booter.ProviderFactory$ProviderProxy.invoke(ProviderFactory.java:165)
	at org.apache.maven.surefire.booter.ProviderFactory.invokeProvider(ProviderFactory.java:85)
	at org.apache.maven.surefire.booter.ForkedBooter.runSuitesInProcess(ForkedBooter.java:115)
	at org.apache.maven.surefire.booter.ForkedBooter.main(ForkedBooter.java:75)
]]>
            </full-stacktrace>
          </exception> <!-- java.lang.AssertionError -->
          <reporter-output>
          </reporter-output>
        </test-method> <!-- loginPageTitleTest -->
        <test-method status="PASS" signature="tearDown()[pri:0, instance:com.crm.qa.testcases.LoginPageTest@5c7fa833]" name="tearDown" is-config="true" duration-ms="853" started-at="2018-08-01T12:31:02Z" finished-at="2018-08-01T12:31:03Z">
          <reporter-output>
          </reporter-output>
        </test-method> <!-- tearDown -->
        <test-method status="PASS" signature="setUp()[pri:0, instance:com.crm.qa.testcases.LoginPageTest@5c7fa833]" name="setUp" is-config="true" duration-ms="13177" started-at="2018-08-01T12:32:36Z" finished-at="2018-08-01T12:32:50Z">
          <reporter-output>
          </reporter-output>
        </test-method> <!-- setUp -->
        <test-method status="PASS" signature="crmLogoTest()[pri:2, instance:com.crm.qa.testcases.LoginPageTest@5c7fa833]" name="crmLogoTest" duration-ms="215" started-at="2018-08-01T12:32:50Z" finished-at="2018-08-01T12:32:50Z">
          <reporter-output>
          </reporter-output>
        </test-method> <!-- crmLogoTest -->
        <test-method status="PASS" signature="tearDown()[pri:0, instance:com.crm.qa.testcases.LoginPageTest@5c7fa833]" name="tearDown" is-config="true" duration-ms="666" started-at="2018-08-01T12:32:50Z" finished-at="2018-08-01T12:32:50Z">
          <reporter-output>
          </reporter-output>
        </test-method> <!-- tearDown -->
        <test-method status="PASS" signature="setUp()[pri:0, instance:com.crm.qa.testcases.LoginPageTest@5c7fa833]" name="setUp" is-config="true" duration-ms="12805" started-at="2018-08-01T12:35:31Z" finished-at="2018-08-01T12:35:43Z">
          <reporter-output>
          </reporter-output>
        </test-method> <!-- setUp -->
        <test-method status="PASS" signature="loginTest()[pri:3, instance:com.crm.qa.testcases.LoginPageTest@5c7fa833]" name="loginTest" duration-ms="15437" started-at="2018-08-01T12:35:43Z" finished-at="2018-08-01T12:35:59Z">
          <reporter-output>
          </reporter-output>
        </test-method> <!-- loginTest -->
        <test-method status="PASS" signature="tearDown()[pri:0, instance:com.crm.qa.testcases.LoginPageTest@5c7fa833]" name="tearDown" is-config="true" duration-ms="669" started-at="2018-08-01T12:35:59Z" finished-at="2018-08-01T12:36:00Z">
          <reporter-output>
          </reporter-output>
        </test-method> <!-- tearDown -->
      </class> <!-- com.crm.qa.testcases.LoginPageTest -->
    </test> <!-- Command line test -->
  </suite> <!-- Command line suite -->
</testng-results>
